<?xml version="1.0" encoding="UTF-8"?>
<!-- Generated by org.testng.reporters.JUnitReportReporter -->
<testsuite hostname="Aswinikumars-MacBook-Pro.local" name="com.twc.ios.app.testcases.AndroidSmokeTest" tests="147" failures="5" timestamp="7 Mar 2023 17:05:05 GMT" time="3789.030" errors="0">
  <testcase name="Validate_Daily_Details_ltv_Custom_param" time="0.175" classname="com.twc.ios.app.testcases.AndroidSmokeTest"/>
  <testcase name="Verify_Air_Quality_Details_AdCall" time="0.755" classname="com.twc.ios.app.testcases.AndroidSmokeTest"/>
  <testcase name="Validate_SafetyAndPreparedness_ltv_Custom_param" time="0.959" classname="com.twc.ios.app.testcases.AndroidSmokeTest"/>
  <testcase name="Validate_Marquee_hmid_Custom_param" time="1.657" classname="com.twc.ios.app.testcases.AndroidSmokeTest"/>
  <testcase name="Verify_Hourly_Details_mr_Custom_Parameter" time="58.278" classname="com.twc.ios.app.testcases.AndroidSmokeTest">
    <failure type="java.lang.AssertionError" message="Custom Parameter :mr value: 0 is not matched with the expected value 1">
      <![CDATA[java.lang.AssertionError: Custom Parameter :mr value: 0 is not matched with the expected value 1
	at org.testng.Assert.fail(Assert.java:94)
	at com.twc.ios.app.general.Utils.validate_custom_param_val_of_gampad(Utils.java:10130)
	at com.twc.ios.app.testcases.AndroidSmokeTest.Verify_Hourly_Details_mr_Custom_Parameter(AndroidSmokeTest.java:2206)
	at sun.reflect.NativeMethodAccessorImpl.invoke0(Native Method)
	at sun.reflect.NativeMethodAccessorImpl.invoke(NativeMethodAccessorImpl.java:62)
	at sun.reflect.DelegatingMethodAccessorImpl.invoke(DelegatingMethodAccessorImpl.java:43)
	at java.lang.reflect.Method.invoke(Method.java:498)
	at org.testng.internal.MethodInvocationHelper.invokeMethod(MethodInvocationHelper.java:86)
	at org.testng.internal.Invoker.invokeMethod(Invoker.java:643)
	at org.testng.internal.Invoker.invokeTestMethod(Invoker.java:820)
	at org.testng.internal.Invoker.invokeTestMethods(Invoker.java:1128)
	at org.testng.internal.TestMethodWorker.invokeTestMethods(TestMethodWorker.java:129)
	at org.testng.internal.TestMethodWorker.run(TestMethodWorker.java:112)
	at org.testng.TestRunner.privateRun(TestRunner.java:782)
	at org.testng.TestRunner.run(TestRunner.java:632)
	at org.testng.SuiteRunner.runTest(SuiteRunner.java:366)
	at org.testng.SuiteRunner.runSequentially(SuiteRunner.java:361)
	at org.testng.SuiteRunner.privateRun(SuiteRunner.java:319)
	at org.testng.SuiteRunner.run(SuiteRunner.java:268)
	at org.testng.SuiteRunnerWorker.runSuite(SuiteRunnerWorker.java:52)
	at org.testng.SuiteRunnerWorker.run(SuiteRunnerWorker.java:86)
	at org.testng.TestNG.runSuitesSequentially(TestNG.java:1244)
	at org.testng.TestNG.runSuitesLocally(TestNG.java:1169)
	at org.testng.TestNG.run(TestNG.java:1064)
	at org.testng.remote.AbstractRemoteTestNG.run(AbstractRemoteTestNG.java:115)
	at org.testng.remote.RemoteTestNG.initAndRun(RemoteTestNG.java:251)
	at org.testng.remote.RemoteTestNG.main(RemoteTestNG.java:77)
]]>
    </failure>
  </testcase> <!-- Verify_Hourly_Details_mr_Custom_Parameter -->
  <testcase name="validate_Sticky_Ad_mr_Custom_param" time="0.028" classname="com.twc.ios.app.testcases.AndroidSmokeTest"/>
  <testcase name="Validate_Marquee_adid_Custom_param" time="0.796" classname="com.twc.ios.app.testcases.AndroidSmokeTest"/>
  <testcase name="Validate_Feed1_mr_Custom_param" time="0.784" classname="com.twc.ios.app.testcases.AndroidSmokeTest"/>
  <testcase name="validate_Feed1_Ad_Call_content_url_parameter" time="0.731" classname="com.twc.ios.app.testcases.AndroidSmokeTest"/>
  <testcase name="Validate_DailyDetails_wfxtg_Custom_param" time="0.074" classname="com.twc.ios.app.testcases.AndroidSmokeTest"/>
  <testcase name="Validate_Marquee_ver_Custom_param" time="0.953" classname="com.twc.ios.app.testcases.AndroidSmokeTest"/>
  <testcase name="Validate_PreRollVideo_ref_Custom_param" time="0.186" classname="com.twc.ios.app.testcases.AndroidSmokeTest"/>
  <testcase name="Validate_Marquee_tmpr_Custom_param" time="1.551" classname="com.twc.ios.app.testcases.AndroidSmokeTest"/>
  <testcase name="Validate_Amazon_SDK_adsdk_parameter" time="0.051" classname="com.twc.ios.app.testcases.AndroidSmokeTest"/>
  <testcase name="Validate_Feed1_ord_Custom_param" time="0.761" classname="com.twc.ios.app.testcases.AndroidSmokeTest"/>
  <testcase name="Validate_Marquee_tmp_Custom_param" time="1.583" classname="com.twc.ios.app.testcases.AndroidSmokeTest"/>
  <testcase name="Validate_Feed1_adid_Custom_param" time="0.794" classname="com.twc.ios.app.testcases.AndroidSmokeTest"/>
  <testcase name="Verify_Interstitial_Ad_Call" time="121.318" classname="com.twc.ios.app.testcases.AndroidSmokeTest"/>
  <testcase name="Validate_IMA_SDK_version" time="0.190" classname="com.twc.ios.app.testcases.AndroidSmokeTest"/>
  <testcase name="Verify_Health_BoatAndBeach_ContentPage_AdCall" time="0.724" classname="com.twc.ios.app.testcases.AndroidSmokeTest"/>
  <testcase name="Validate_Marquee_lang_Custom_param" time="0.765" classname="com.twc.ios.app.testcases.AndroidSmokeTest"/>
  <testcase name="validate_Hourly_Details_BigAd1_Call_content_url_parameter" time="0.024" classname="com.twc.ios.app.testcases.AndroidSmokeTest"/>
  <testcase name="Validate_Feed1_h2o_Custom_param" time="0.795" classname="com.twc.ios.app.testcases.AndroidSmokeTest"/>
  <testcase name="Validate_Health_Flu_ContentPage_ltv_Custom_param" time="0.748" classname="com.twc.ios.app.testcases.AndroidSmokeTest"/>
  <testcase name="Verify_MapsDetails_AdCall" time="0.954" classname="com.twc.ios.app.testcases.AndroidSmokeTest"/>
  <testcase name="Validate_Marquee_ltv_Custom_param" time="0.738" classname="com.twc.ios.app.testcases.AndroidSmokeTest"/>
  <testcase name="Validate_Hourly_Details_BigAd2_Call_ltv_Custom_param" time="0.023" classname="com.twc.ios.app.testcases.AndroidSmokeTest"/>
  <testcase name="Validate_DailyDetails_zcs_Custom_param" time="0.068" classname="com.twc.ios.app.testcases.AndroidSmokeTest"/>
  <testcase name="Validate_PreRollVideo_zcs_Custom_param" time="0.178" classname="com.twc.ios.app.testcases.AndroidSmokeTest"/>
  <testcase name="Validate_Feed1_ct_Custom_param" time="1.558" classname="com.twc.ios.app.testcases.AndroidSmokeTest"/>
  <testcase name="Validate_HomeScreen_Call_tf_Custom_param" time="0.901" classname="com.twc.ios.app.testcases.AndroidSmokeTest"/>
  <testcase name="Validate_PreRollVideo_cxtg_Custom_param" time="0.172" classname="com.twc.ios.app.testcases.AndroidSmokeTest"/>
  <testcase name="Validate_Criteo_SDK_config_app_Call_sdkVersion_parameter" time="0.048" classname="com.twc.ios.app.testcases.AndroidSmokeTest"/>
  <testcase name="Validate_Marquee_dma_Custom_param" time="1.632" classname="com.twc.ios.app.testcases.AndroidSmokeTest"/>
  <testcase name="Validate_Feed1_cnd_Custom_param" time="1.654" classname="com.twc.ios.app.testcases.AndroidSmokeTest"/>
  <testcase name="Verify_Seasonal_Hub_Details_AdCall" time="0.698" classname="com.twc.ios.app.testcases.AndroidSmokeTest"/>
  <testcase name="Validate_Marquee_plat_Custom_param" time="0.785" classname="com.twc.ios.app.testcases.AndroidSmokeTest"/>
  <testcase name="Validate_daily_details_dt_Custom_param" time="0.773" classname="com.twc.ios.app.testcases.AndroidSmokeTest"/>
  <testcase name="Validate_Feed1_st_Custom_param" time="1.541" classname="com.twc.ios.app.testcases.AndroidSmokeTest"/>
  <testcase name="Validate_Health_Allergy_ContentPage_ltv_Custom_param" time="0.773" classname="com.twc.ios.app.testcases.AndroidSmokeTest"/>
  <testcase name="Validate_Criteo_SDK_Bidder_API_Call_Response_Code" time="0.047" classname="com.twc.ios.app.testcases.AndroidSmokeTest"/>
  <testcase name="Verify_AllergyDetails_Spotlight_AdCall" time="0.775" classname="com.twc.ios.app.testcases.AndroidSmokeTest"/>
  <testcase name="Validate_Health_Allergy_Spotlight_ltv_Custom_param" time="0.784" classname="com.twc.ios.app.testcases.AndroidSmokeTest"/>
  <testcase name="Validate_PreRollVideo_cmsid_Custom_param" time="0.347" classname="com.twc.ios.app.testcases.AndroidSmokeTest"/>
  <testcase name="Validate_Feed1_dma_Custom_param" time="1.545" classname="com.twc.ios.app.testcases.AndroidSmokeTest"/>
  <testcase name="Validate_DailyDetails_tf_Custom_param" time="0.857" classname="com.twc.ios.app.testcases.AndroidSmokeTest"/>
  <testcase name="validate_Daily_Details_Ad_Call_content_url_parameter" time="0.725" classname="com.twc.ios.app.testcases.AndroidSmokeTest"/>
  <testcase name="Verify_Hourly_Details_BigAd1_Adcall" time="160.846" classname="com.twc.ios.app.testcases.AndroidSmokeTest"/>
  <testcase name="Validate_Criteo_SDK_Initialization_API_Call_Response_Code" time="0.050" classname="com.twc.ios.app.testcases.AndroidSmokeTest"/>
  <testcase name="Validate_Feed1_ltv_Custom_param" time="0.893" classname="com.twc.ios.app.testcases.AndroidSmokeTest"/>
  <testcase name="Validate_Marquee_aid_Custom_param" time="0.744" classname="com.twc.ios.app.testcases.AndroidSmokeTest"/>
  <testcase name="Validate_daily_details_fcnd_Custom_param" time="1.567" classname="com.twc.ios.app.testcases.AndroidSmokeTest"/>
  <testcase name="Verify_Health_Flu_ContentPage_AdCall" time="0.764" classname="com.twc.ios.app.testcases.AndroidSmokeTest"/>
  <testcase name="Validate_Alert_Center_ltv_Custom_param" time="0.784" classname="com.twc.ios.app.testcases.AndroidSmokeTest"/>
  <testcase name="Validate_Feed1_wind_Custom_param" time="1.756" classname="com.twc.ios.app.testcases.AndroidSmokeTest"/>
  <testcase name="Validate_Criteo_SDK_Initialization_API_Call_Response_Parameter_liveBiddingEnabled" time="0.051" classname="com.twc.ios.app.testcases.AndroidSmokeTest"/>
  <testcase name="Validate_Health_Flu_Articles_ltv_Custom_param" time="0.735" classname="com.twc.ios.app.testcases.AndroidSmokeTest">
    <failure type="java.lang.AssertionError" message="Custom parameter :ltv not found/no value in ad call, hence Custom Parameter: ltv validation skipped">
      <![CDATA[java.lang.AssertionError: Custom parameter :ltv not found/no value in ad call, hence Custom Parameter: ltv validation skipped
	at org.testng.Assert.fail(Assert.java:94)
	at com.twc.ios.app.general.Utils.validate_custom_param_val_of_gampad(Utils.java:10143)
	at com.twc.ios.app.testcases.AndroidSmokeTest.Validate_Health_Flu_Articles_ltv_Custom_param(AndroidSmokeTest.java:1429)
	at sun.reflect.NativeMethodAccessorImpl.invoke0(Native Method)
	at sun.reflect.NativeMethodAccessorImpl.invoke(NativeMethodAccessorImpl.java:62)
	at sun.reflect.DelegatingMethodAccessorImpl.invoke(DelegatingMethodAccessorImpl.java:43)
	at java.lang.reflect.Method.invoke(Method.java:498)
	at org.testng.internal.MethodInvocationHelper.invokeMethod(MethodInvocationHelper.java:86)
	at org.testng.internal.Invoker.invokeMethod(Invoker.java:643)
	at org.testng.internal.Invoker.invokeTestMethod(Invoker.java:820)
	at org.testng.internal.Invoker.invokeTestMethods(Invoker.java:1128)
	at org.testng.internal.TestMethodWorker.invokeTestMethods(TestMethodWorker.java:129)
	at org.testng.internal.TestMethodWorker.run(TestMethodWorker.java:112)
	at org.testng.TestRunner.privateRun(TestRunner.java:782)
	at org.testng.TestRunner.run(TestRunner.java:632)
	at org.testng.SuiteRunner.runTest(SuiteRunner.java:366)
	at org.testng.SuiteRunner.runSequentially(SuiteRunner.java:361)
	at org.testng.SuiteRunner.privateRun(SuiteRunner.java:319)
	at org.testng.SuiteRunner.run(SuiteRunner.java:268)
	at org.testng.SuiteRunnerWorker.runSuite(SuiteRunnerWorker.java:52)
	at org.testng.SuiteRunnerWorker.run(SuiteRunnerWorker.java:86)
	at org.testng.TestNG.runSuitesSequentially(TestNG.java:1244)
	at org.testng.TestNG.runSuitesLocally(TestNG.java:1169)
	at org.testng.TestNG.run(TestNG.java:1064)
	at org.testng.remote.AbstractRemoteTestNG.run(AbstractRemoteTestNG.java:115)
	at org.testng.remote.RemoteTestNG.initAndRun(RemoteTestNG.java:251)
	at org.testng.remote.RemoteTestNG.main(RemoteTestNG.java:77)
]]>
    </failure>
  </testcase> <!-- Validate_Health_Flu_Articles_ltv_Custom_param -->
  <testcase name="Validate_Feed1_plat_Custom_param" time="0.809" classname="com.twc.ios.app.testcases.AndroidSmokeTest"/>
  <testcase name="Validate_Feed1_ver_Custom_param" time="0.777" classname="com.twc.ios.app.testcases.AndroidSmokeTest"/>
  <testcase name="Validate_HourlyDetails_cxtg_Custom_param" time="0.063" classname="com.twc.ios.app.testcases.AndroidSmokeTest"/>
  <testcase name="validate_Hourly_Details_BigAd2_Call_content_url_parameter" time="0.024" classname="com.twc.ios.app.testcases.AndroidSmokeTest"/>
  <testcase name="Verify_SafetyAndPreparednessCard_AdCall" time="0.709" classname="com.twc.ios.app.testcases.AndroidSmokeTest"/>
  <testcase name="Validate_Criteo_SDK_Initialization_API_Call_Response_Parameter_remoteLogLevel" time="0.048" classname="com.twc.ios.app.testcases.AndroidSmokeTest"/>
  <testcase name="Validate_MapDetails_hzcs_Custom_param" time="0.076" classname="com.twc.ios.app.testcases.AndroidSmokeTest"/>
  <testcase name="Validate_Marquee_locale_Custom_param" time="1.762" classname="com.twc.ios.app.testcases.AndroidSmokeTest"/>
  <testcase name="Validate_DailyDetails_nzcs_Custom_param" time="0.080" classname="com.twc.ios.app.testcases.AndroidSmokeTest"/>
  <testcase name="Validate_Marquee_uv_Custom_param" time="1.556" classname="com.twc.ios.app.testcases.AndroidSmokeTest"/>
  <testcase name="Validate_Homescreen_Adhesive_ltv_Custom_param" time="0.793" classname="com.twc.ios.app.testcases.AndroidSmokeTest"/>
  <testcase name="Verify_LocationWFXTriggers_Call_On_KillAndLaunch" time="0.029" classname="com.twc.ios.app.testcases.AndroidSmokeTest"/>
  <testcase name="Validate_daily_details_fdynght_Custom_param" time="1.608" classname="com.twc.ios.app.testcases.AndroidSmokeTest"/>
  <testcase name="Validate_MapDetails_ltv_Custom_param" time="0.745" classname="com.twc.ios.app.testcases.AndroidSmokeTest"/>
  <testcase name="Validate_Criteo_SDK_Initialization_API_Call_Response_Parameter_prefetchOnInitEnabled" time="0.048" classname="com.twc.ios.app.testcases.AndroidSmokeTest"/>
  <testcase name="Validate_Marquee_fltmpc_Custom_param" time="1.585" classname="com.twc.ios.app.testcases.AndroidSmokeTest"/>
  <testcase name="Validate_Feed1_hmid_Custom_param" time="1.734" classname="com.twc.ios.app.testcases.AndroidSmokeTest"/>
  <testcase name="Validate_HourlyDetails_wfxtg_Custom_param" time="0.204" classname="com.twc.ios.app.testcases.AndroidSmokeTest"/>
  <testcase name="Verify_Map_Details_mr_Custom_Parameter" time="77.912" classname="com.twc.ios.app.testcases.AndroidSmokeTest">
    <failure type="java.lang.AssertionError" message="Custom Parameter :mr value: 0 is not matched with the expected value 1">
      <![CDATA[java.lang.AssertionError: Custom Parameter :mr value: 0 is not matched with the expected value 1
	at org.testng.Assert.fail(Assert.java:94)
	at com.twc.ios.app.general.Utils.validate_custom_param_val_of_gampad(Utils.java:10130)
	at com.twc.ios.app.testcases.AndroidSmokeTest.Verify_Map_Details_mr_Custom_Parameter(AndroidSmokeTest.java:2244)
	at sun.reflect.NativeMethodAccessorImpl.invoke0(Native Method)
	at sun.reflect.NativeMethodAccessorImpl.invoke(NativeMethodAccessorImpl.java:62)
	at sun.reflect.DelegatingMethodAccessorImpl.invoke(DelegatingMethodAccessorImpl.java:43)
	at java.lang.reflect.Method.invoke(Method.java:498)
	at org.testng.internal.MethodInvocationHelper.invokeMethod(MethodInvocationHelper.java:86)
	at org.testng.internal.Invoker.invokeMethod(Invoker.java:643)
	at org.testng.internal.Invoker.invokeTestMethod(Invoker.java:820)
	at org.testng.internal.Invoker.invokeTestMethods(Invoker.java:1128)
	at org.testng.internal.TestMethodWorker.invokeTestMethods(TestMethodWorker.java:129)
	at org.testng.internal.TestMethodWorker.run(TestMethodWorker.java:112)
	at org.testng.TestRunner.privateRun(TestRunner.java:782)
	at org.testng.TestRunner.run(TestRunner.java:632)
	at org.testng.SuiteRunner.runTest(SuiteRunner.java:366)
	at org.testng.SuiteRunner.runSequentially(SuiteRunner.java:361)
	at org.testng.SuiteRunner.privateRun(SuiteRunner.java:319)
	at org.testng.SuiteRunner.run(SuiteRunner.java:268)
	at org.testng.SuiteRunnerWorker.runSuite(SuiteRunnerWorker.java:52)
	at org.testng.SuiteRunnerWorker.run(SuiteRunnerWorker.java:86)
	at org.testng.TestNG.runSuitesSequentially(TestNG.java:1244)
	at org.testng.TestNG.runSuitesLocally(TestNG.java:1169)
	at org.testng.TestNG.run(TestNG.java:1064)
	at org.testng.remote.AbstractRemoteTestNG.run(AbstractRemoteTestNG.java:115)
	at org.testng.remote.RemoteTestNG.initAndRun(RemoteTestNG.java:251)
	at org.testng.remote.RemoteTestNG.main(RemoteTestNG.java:77)
]]>
    </failure>
  </testcase> <!-- Verify_Map_Details_mr_Custom_Parameter -->
  <testcase name="Validate_Marquee_ord_Custom_param" time="0.761" classname="com.twc.ios.app.testcases.AndroidSmokeTest"/>
  <testcase name="Validate_Feed1_lang_Custom_param" time="0.731" classname="com.twc.ios.app.testcases.AndroidSmokeTest"/>
  <testcase name="Validate_GMA_SDK_version" time="0.027" classname="com.twc.ios.app.testcases.AndroidSmokeTest"/>
  <testcase name="Validate_Feed1_uv_Custom_param" time="1.540" classname="com.twc.ios.app.testcases.AndroidSmokeTest"/>
  <testcase name="Validate_PreRollVideo_description_url_Custom_param" time="0.217" classname="com.twc.ios.app.testcases.AndroidSmokeTest"/>
  <testcase name="Validate_PreRollVideo_wfxtg_Custom_param" time="0.196" classname="com.twc.ios.app.testcases.AndroidSmokeTest"/>
  <testcase name="validate_Hourly_Details_BigAd3_Call_content_url_parameter" time="0.023" classname="com.twc.ios.app.testcases.AndroidSmokeTest"/>
  <testcase name="Validate_Marquee_dynght_Custom_param" time="1.784" classname="com.twc.ios.app.testcases.AndroidSmokeTest"/>
  <testcase name="Validate_Feed1_locale_Custom_param" time="1.666" classname="com.twc.ios.app.testcases.AndroidSmokeTest"/>
  <testcase name="validate_Sticky_Ad_Call_content_url_parameter" time="0.740" classname="com.twc.ios.app.testcases.AndroidSmokeTest"/>
  <testcase name="Validate_Marquee_ct_Custom_param" time="1.688" classname="com.twc.ios.app.testcases.AndroidSmokeTest"/>
  <testcase name="Validate_Marquee_tile_Custom_param" time="0.784" classname="com.twc.ios.app.testcases.AndroidSmokeTest"/>
  <testcase name="validate_Map_Details_Ad_Call_content_url_parameter" time="0.778" classname="com.twc.ios.app.testcases.AndroidSmokeTest"/>
  <testcase name="Validate_Feed1_sod_Custom_param" time="0.915" classname="com.twc.ios.app.testcases.AndroidSmokeTest"/>
  <testcase name="Validate_Hourly_Details_BigAd3_Call_ltv_Custom_param" time="0.022" classname="com.twc.ios.app.testcases.AndroidSmokeTest"/>
  <testcase name="Validate_HourlyDetails_nzcs_Custom_param" time="0.077" classname="com.twc.ios.app.testcases.AndroidSmokeTest"/>
  <testcase name="Validate_PreRollVideo_ttid_Custom_param" time="0.162" classname="com.twc.ios.app.testcases.AndroidSmokeTest"/>
  <testcase name="Validate_Feed1_tile_Custom_param" time="0.786" classname="com.twc.ios.app.testcases.AndroidSmokeTest"/>
  <testcase name="Validate_Feed1_aid_Custom_param" time="0.705" classname="com.twc.ios.app.testcases.AndroidSmokeTest"/>
  <testcase name="Validate_daily_details_mnth_Custom_param" time="0.737" classname="com.twc.ios.app.testcases.AndroidSmokeTest"/>
  <testcase name="Verify_PrerollAd" time="121.581" classname="com.twc.ios.app.testcases.AndroidSmokeTest"/>
  <testcase name="Verify_Hourly_Details_BigAd3_Adcall" time="0.023" classname="com.twc.ios.app.testcases.AndroidSmokeTest"/>
  <testcase name="Validate_Health_Allergy_Articles_ltv_Custom_param" time="0.801" classname="com.twc.ios.app.testcases.AndroidSmokeTest">
    <failure type="java.lang.AssertionError" message="Custom parameter :ltv not found/no value in ad call, hence Custom Parameter: ltv validation skipped">
      <![CDATA[java.lang.AssertionError: Custom parameter :ltv not found/no value in ad call, hence Custom Parameter: ltv validation skipped
	at org.testng.Assert.fail(Assert.java:94)
	at com.twc.ios.app.general.Utils.validate_custom_param_val_of_gampad(Utils.java:10143)
	at com.twc.ios.app.testcases.AndroidSmokeTest.Validate_Health_Allergy_Articles_ltv_Custom_param(AndroidSmokeTest.java:1403)
	at sun.reflect.NativeMethodAccessorImpl.invoke0(Native Method)
	at sun.reflect.NativeMethodAccessorImpl.invoke(NativeMethodAccessorImpl.java:62)
	at sun.reflect.DelegatingMethodAccessorImpl.invoke(DelegatingMethodAccessorImpl.java:43)
	at java.lang.reflect.Method.invoke(Method.java:498)
	at org.testng.internal.MethodInvocationHelper.invokeMethod(MethodInvocationHelper.java:86)
	at org.testng.internal.Invoker.invokeMethod(Invoker.java:643)
	at org.testng.internal.Invoker.invokeTestMethod(Invoker.java:820)
	at org.testng.internal.Invoker.invokeTestMethods(Invoker.java:1128)
	at org.testng.internal.TestMethodWorker.invokeTestMethods(TestMethodWorker.java:129)
	at org.testng.internal.TestMethodWorker.run(TestMethodWorker.java:112)
	at org.testng.TestRunner.privateRun(TestRunner.java:782)
	at org.testng.TestRunner.run(TestRunner.java:632)
	at org.testng.SuiteRunner.runTest(SuiteRunner.java:366)
	at org.testng.SuiteRunner.runSequentially(SuiteRunner.java:361)
	at org.testng.SuiteRunner.privateRun(SuiteRunner.java:319)
	at org.testng.SuiteRunner.run(SuiteRunner.java:268)
	at org.testng.SuiteRunnerWorker.runSuite(SuiteRunnerWorker.java:52)
	at org.testng.SuiteRunnerWorker.run(SuiteRunnerWorker.java:86)
	at org.testng.TestNG.runSuitesSequentially(TestNG.java:1244)
	at org.testng.TestNG.runSuitesLocally(TestNG.java:1169)
	at org.testng.TestNG.run(TestNG.java:1064)
	at org.testng.remote.AbstractRemoteTestNG.run(AbstractRemoteTestNG.java:115)
	at org.testng.remote.RemoteTestNG.initAndRun(RemoteTestNG.java:251)
	at org.testng.remote.RemoteTestNG.main(RemoteTestNG.java:77)
]]>
    </failure>
  </testcase> <!-- Validate_Health_Allergy_Articles_ltv_Custom_param -->
  <testcase name="Validate_AllergyDetails_Spotlight_pos_Custom_param" time="0.755" classname="com.twc.ios.app.testcases.AndroidSmokeTest"/>
  <testcase name="validate_Marquee_mr_Custom_param" time="0.838" classname="com.twc.ios.app.testcases.AndroidSmokeTest"/>
  <testcase name="Validate_DailyDetails_hzcs_Custom_param" time="0.084" classname="com.twc.ios.app.testcases.AndroidSmokeTest"/>
  <testcase name="Verify_NextGen_IM_AdCall" time="0.754" classname="com.twc.ios.app.testcases.AndroidSmokeTest"/>
  <testcase name="Validate_Hourly_Details_BigAd1_Call_ltv_Custom_param" time="0.024" classname="com.twc.ios.app.testcases.AndroidSmokeTest"/>
  <testcase name="Validate_DailyDetails_cxtg_Custom_param" time="0.064" classname="com.twc.ios.app.testcases.AndroidSmokeTest"/>
  <testcase name="Validate_MapDetails_wfxtg_Custom_param" time="0.070" classname="com.twc.ios.app.testcases.AndroidSmokeTest"/>
  <testcase name="Verify_Homescreen_Adhesive_AdCall" time="1.133" classname="com.twc.ios.app.testcases.AndroidSmokeTest"/>
  <testcase name="Validate_PreRollVideo_hzcs_Custom_param" time="0.188" classname="com.twc.ios.app.testcases.AndroidSmokeTest">
    <failure type="java.lang.AssertionError" message="Custom parameter :hzcs not found/no value in ad call, hence Custom Parameter: hzcs validation skipped">
      <![CDATA[java.lang.AssertionError: Custom parameter :hzcs not found/no value in ad call, hence Custom Parameter: hzcs validation skipped
	at org.testng.Assert.fail(Assert.java:94)
	at com.twc.ios.app.general.Utils.validate_custom_param_val_of_gampad_with_zip(Utils.java:10469)
	at com.twc.ios.app.testcases.AndroidSmokeTest.Validate_PreRollVideo_hzcs_Custom_param(AndroidSmokeTest.java:2710)
	at sun.reflect.NativeMethodAccessorImpl.invoke0(Native Method)
	at sun.reflect.NativeMethodAccessorImpl.invoke(NativeMethodAccessorImpl.java:62)
	at sun.reflect.DelegatingMethodAccessorImpl.invoke(DelegatingMethodAccessorImpl.java:43)
	at java.lang.reflect.Method.invoke(Method.java:498)
	at org.testng.internal.MethodInvocationHelper.invokeMethod(MethodInvocationHelper.java:86)
	at org.testng.internal.Invoker.invokeMethod(Invoker.java:643)
	at org.testng.internal.Invoker.invokeTestMethod(Invoker.java:820)
	at org.testng.internal.Invoker.invokeTestMethods(Invoker.java:1128)
	at org.testng.internal.TestMethodWorker.invokeTestMethods(TestMethodWorker.java:129)
	at org.testng.internal.TestMethodWorker.run(TestMethodWorker.java:112)
	at org.testng.TestRunner.privateRun(TestRunner.java:782)
	at org.testng.TestRunner.run(TestRunner.java:632)
	at org.testng.SuiteRunner.runTest(SuiteRunner.java:366)
	at org.testng.SuiteRunner.runSequentially(SuiteRunner.java:361)
	at org.testng.SuiteRunner.privateRun(SuiteRunner.java:319)
	at org.testng.SuiteRunner.run(SuiteRunner.java:268)
	at org.testng.SuiteRunnerWorker.runSuite(SuiteRunnerWorker.java:52)
	at org.testng.SuiteRunnerWorker.run(SuiteRunnerWorker.java:86)
	at org.testng.TestNG.runSuitesSequentially(TestNG.java:1244)
	at org.testng.TestNG.runSuitesLocally(TestNG.java:1169)
	at org.testng.TestNG.run(TestNG.java:1064)
	at org.testng.remote.AbstractRemoteTestNG.run(AbstractRemoteTestNG.java:115)
	at org.testng.remote.RemoteTestNG.initAndRun(RemoteTestNG.java:251)
	at org.testng.remote.RemoteTestNG.main(RemoteTestNG.java:77)
]]>
    </failure>
  </testcase> <!-- Validate_PreRollVideo_hzcs_Custom_param -->
  <testcase name="Validate_HourlyDetails_zcs_Custom_param" time="0.087" classname="com.twc.ios.app.testcases.AndroidSmokeTest"/>
  <testcase name="Verify_TurboAPI_Call_On_KillAndLaunch" time="0.025" classname="com.twc.ios.app.testcases.AndroidSmokeTest"/>
  <testcase name="Verify_enable_preConditions_for_WeatherFx_API_Parameters" time="288.285" classname="com.twc.ios.app.testcases.AndroidSmokeTest"/>
  <testcase name="validate_Marquee_sod_Custom_param" time="0.796" classname="com.twc.ios.app.testcases.AndroidSmokeTest"/>
  <testcase name="validate_PreRollVideo_Call_content_url_parameter" time="0.179" classname="com.twc.ios.app.testcases.AndroidSmokeTest"/>
  <testcase name="Verify_Lotame_Call_On_KillAndLaunch" time="0.026" classname="com.twc.ios.app.testcases.AndroidSmokeTest"/>
  <testcase name="Validate_Criteo_SDK_Initialization_API_Call_Response_Parameter_csmEnabled" time="0.047" classname="com.twc.ios.app.testcases.AndroidSmokeTest"/>
  <testcase name="Validate_Marquee_h2o_Custom_param" time="0.852" classname="com.twc.ios.app.testcases.AndroidSmokeTest"/>
  <testcase name="Validate_Marquee_zip_Custom_param" time="1.645" classname="com.twc.ios.app.testcases.AndroidSmokeTest"/>
  <testcase name="Validate_Feed1_fltmpc_Custom_param" time="1.552" classname="com.twc.ios.app.testcases.AndroidSmokeTest"/>
  <testcase name="Verify_Feed_Calls" time="2060.816" classname="com.twc.ios.app.testcases.AndroidSmokeTest"/>
  <testcase name="Validate_AllergyDetails_Spotlight_Ad_Size" time="0.746" classname="com.twc.ios.app.testcases.AndroidSmokeTest"/>
  <testcase name="Validate_Marquee_wind_Custom_param" time="1.526" classname="com.twc.ios.app.testcases.AndroidSmokeTest"/>
  <testcase name="Validate_Interstitial_Ad_Call_pos_Custom_param" time="0.075" classname="com.twc.ios.app.testcases.AndroidSmokeTest"/>
  <testcase name="Validate_Feed1_tmpr_Custom_param" time="1.700" classname="com.twc.ios.app.testcases.AndroidSmokeTest"/>
  <testcase name="kill_and_Launch_app_for_api_calls" time="33.219" classname="com.twc.ios.app.testcases.AndroidSmokeTest"/>
  <testcase name="Verify_HourlyDetails_AdCall" time="0.762" classname="com.twc.ios.app.testcases.AndroidSmokeTest"/>
  <testcase name="Validate_Feed1_dynght_Custom_param" time="1.562" classname="com.twc.ios.app.testcases.AndroidSmokeTest"/>
  <testcase name="Verify_Health_Running_ContentPage_AdCall" time="0.739" classname="com.twc.ios.app.testcases.AndroidSmokeTest"/>
  <testcase name="Validate_MapDetails_nzcs_Custom_param" time="0.077" classname="com.twc.ios.app.testcases.AndroidSmokeTest"/>
  <testcase name="Validate_Marquee_cnd_Custom_param" time="2.367" classname="com.twc.ios.app.testcases.AndroidSmokeTest"/>
  <testcase name="Validate_Feed1_tmpc_Custom_param" time="1.711" classname="com.twc.ios.app.testcases.AndroidSmokeTest"/>
  <testcase name="Verify_Daily_Details_AdUnits" time="314.251" classname="com.twc.ios.app.testcases.AndroidSmokeTest"/>
  <testcase name="Validate_HourlyDetails_hzcs_Custom_param" time="0.076" classname="com.twc.ios.app.testcases.AndroidSmokeTest"/>
  <testcase name="Validate_MapDetails_zcs_Custom_param" time="0.067" classname="com.twc.ios.app.testcases.AndroidSmokeTest"/>
  <testcase name="Validate_MapDetails_cxtg_Custom_param" time="0.074" classname="com.twc.ios.app.testcases.AndroidSmokeTest"/>
  <testcase name="beforeTest" time="454.154" classname="com.twc.ios.app.testcases.AndroidSmokeTest"/>
  <testcase name="Verify_AlertCenterAd" time="0.733" classname="com.twc.ios.app.testcases.AndroidSmokeTest"/>
  <testcase name="Validate_Feed1_tmp_Custom_param" time="1.627" classname="com.twc.ios.app.testcases.AndroidSmokeTest"/>
  <testcase name="Validate_Feed1_zip_Custom_param" time="1.735" classname="com.twc.ios.app.testcases.AndroidSmokeTest"/>
  <testcase name="Validate_PreRollVideo_nzcs_Custom_param" time="0.168" classname="com.twc.ios.app.testcases.AndroidSmokeTest"/>
  <testcase name="Validate_PreRollVideo_vid_Custom_param" time="0.185" classname="com.twc.ios.app.testcases.AndroidSmokeTest"/>
  <testcase name="Verify_TrendingPage_AdCall" time="0.740" classname="com.twc.ios.app.testcases.AndroidSmokeTest"/>
  <testcase name="Verify_Hourly_Details_BigAd2_Adcall" time="0.157" classname="com.twc.ios.app.testcases.AndroidSmokeTest"/>
  <testcase name="Verify_WFXTriggers_Call_On_KillAndLaunch" time="0.026" classname="com.twc.ios.app.testcases.AndroidSmokeTest"/>
  <testcase name="Validate_Marquee_st_Custom_param" time="1.546" classname="com.twc.ios.app.testcases.AndroidSmokeTest"/>
  <testcase name="Verify_Health_Allergy_ContentPage_AdCall" time="0.763" classname="com.twc.ios.app.testcases.AndroidSmokeTest"/>
  <testcase name="Validate_AirQuality_Details_ltv_Custom_param" time="0.719" classname="com.twc.ios.app.testcases.AndroidSmokeTest"/>
  <testcase name="Validate_Marquee_tmpc_Custom_param" time="1.553" classname="com.twc.ios.app.testcases.AndroidSmokeTest"/>
</testsuite> <!-- com.twc.ios.app.testcases.AndroidSmokeTest -->
